#
# There is insufficient memory for the Java Runtime Environment to continue.
# Native memory allocation (mmap) failed to map 357892096 bytes for committing reserved memory.
# Possible reasons:
#   The system is out of physical RAM or swap space
#   In 32 bit mode, the process size limit was hit
# Possible solutions:
#   Reduce memory load on the system
#   Increase physical memory or swap space
#   Check if swap backing store is full
#   Use 64 bit Java on a 64 bit OS
#   Decrease Java heap size (-Xmx/-Xms)
#   Decrease number of Java threads
#   Decrease Java thread stack sizes (-Xss)
#   Set larger code cache with -XX:ReservedCodeCacheSize=
# This output file may be truncated or incomplete.
#
#  Out of Memory Error (os_linux.cpp:2627), pid=21734, tid=139631418681088
#
# JRE version:  (8.0_91-b14) (build )
# Java VM: Java HotSpot(TM) 64-Bit Server VM (25.91-b14 mixed mode linux-amd64 compressed oops)
# Failed to write core dump. Core dumps have been disabled. To enable core dumping, try "ulimit -c unlimited" before starting Java again
#

---------------  T H R E A D  ---------------

Current thread (0x00007efe70009800):  JavaThread "Unknown thread" [_thread_in_vm, id=21775, stack(0x00007efe790c2000,0x00007efe791c3000)]

Stack: [0x00007efe790c2000,0x00007efe791c3000],  sp=0x00007efe791c13e0,  free space=1020k
Native frames: (J=compiled Java code, j=interpreted, Vv=VM code, C=native code)
V  [libjvm.so+0xabc18a]  VMError::report_and_die()+0x2ba
V  [libjvm.so+0x4fafeb]  report_vm_out_of_memory(char const*, int, unsigned long, VMErrorType, char const*)+0x8b
V  [libjvm.so+0x91cbb3]  os::Linux::commit_memory_impl(char*, unsigned long, bool)+0x103
V  [libjvm.so+0x91d109]  os::pd_commit_memory(char*, unsigned long, unsigned long, bool)+0x29
V  [libjvm.so+0x91740a]  os::commit_memory(char*, unsigned long, unsigned long, bool)+0x2a
V  [libjvm.so+0xab7ee9]  VirtualSpace::expand_by(unsigned long, bool)+0x199
V  [libjvm.so+0xab8a3e]  VirtualSpace::initialize(ReservedSpace, unsigned long)+0xee
V  [libjvm.so+0x5f800d]  Generation::Generation(ReservedSpace, unsigned long, int)+0xbd
V  [libjvm.so+0x4fffb6]  DefNewGeneration::DefNewGeneration(ReservedSpace, unsigned long, int, char const*)+0x46
V  [libjvm.so+0x5f97a5]  GenerationSpec::init(ReservedSpace, int, GenRemSet*)+0x275
V  [libjvm.so+0x5e830e]  GenCollectedHeap::initialize()+0x1de
V  [libjvm.so+0xa849bb]  Universe::initialize_heap()+0xfb
V  [libjvm.so+0xa84d2e]  universe_init()+0x3e
V  [libjvm.so+0x63a575]  init_globals()+0x65
V  [libjvm.so+0xa68f3e]  Threads::create_vm(JavaVMInitArgs*, bool*)+0x23e
V  [libjvm.so+0x6cede4]  JNI_CreateJavaVM+0x74
C  [libjli.so+0x745e]  JavaMain+0x9e
C  [libpthread.so.0+0x8184]  start_thread+0xc4


---------------  P R O C E S S  ---------------

Java Threads: ( => current thread )

Other Threads:

=>0x00007efe70009800 (exited) JavaThread "Unknown thread" [_thread_in_vm, id=21775, stack(0x00007efe790c2000,0x00007efe791c3000)]

VM state:not at safepoint (not fully initialized)

VM Mutex/Monitor currently owned by a thread: None

GC Heap History (0 events):
No events

Deoptimization events (0 events):
No events

Internal exceptions (0 events):
No events

Events (0 events):
No events


Dynamic libraries:
00400000-00401000 r-xp 00000000 fc:00 133318                             /usr/lib/jvm/java-8-oracle/jre/bin/java
00600000-00601000 rw-p 00000000 fc:00 133318                             /usr/lib/jvm/java-8-oracle/jre/bin/java
00a22000-00a43000 rw-p 00000000 00:00 0                                  [heap]
d5550000-100000000 ---p 00000000 00:00 0 
7efe61000000-7efe61270000 rwxp 00000000 00:00 0 
7efe61270000-7efe70000000 ---p 00000000 00:00 0 
7efe70000000-7efe70031000 rw-p 00000000 00:00 0 
7efe70031000-7efe74000000 ---p 00000000 00:00 0 
7efe759e8000-7efe75c6d000 rw-p 00000000 00:00 0 
7efe75c6d000-7efe75e6d000 ---p 00000000 00:00 0 
7efe75e6d000-7efe75e78000 rw-p 00000000 00:00 0 
7efe75e78000-7efe7622e000 ---p 00000000 00:00 0 
7efe7622e000-7efe76248000 r-xp 00000000 fc:00 133439                     /usr/lib/jvm/java-8-oracle/jre/lib/amd64/libzip.so
7efe76248000-7efe76448000 ---p 0001a000 fc:00 133439                     /usr/lib/jvm/java-8-oracle/jre/lib/amd64/libzip.so
7efe76448000-7efe76449000 rw-p 0001a000 fc:00 133439                     /usr/lib/jvm/java-8-oracle/jre/lib/amd64/libzip.so
7efe76449000-7efe76453000 r-xp 00000000 fc:00 408733                     /lib/x86_64-linux-gnu/libnss_files-2.19.so
7efe76453000-7efe76652000 ---p 0000a000 fc:00 408733                     /lib/x86_64-linux-gnu/libnss_files-2.19.so
7efe76652000-7efe76653000 r--p 00009000 fc:00 408733                     /lib/x86_64-linux-gnu/libnss_files-2.19.so
7efe76653000-7efe76654000 rw-p 0000a000 fc:00 408733                     /lib/x86_64-linux-gnu/libnss_files-2.19.so
7efe76654000-7efe7665f000 r-xp 00000000 fc:00 408720                     /lib/x86_64-linux-gnu/libnss_nis-2.19.so
7efe7665f000-7efe7685e000 ---p 0000b000 fc:00 408720                     /lib/x86_64-linux-gnu/libnss_nis-2.19.so
7efe7685e000-7efe7685f000 r--p 0000a000 fc:00 408720                     /lib/x86_64-linux-gnu/libnss_nis-2.19.so
7efe7685f000-7efe76860000 rw-p 0000b000 fc:00 408720                     /lib/x86_64-linux-gnu/libnss_nis-2.19.so
7efe76860000-7efe76877000 r-xp 00000000 fc:00 408713                     /lib/x86_64-linux-gnu/libnsl-2.19.so
7efe76877000-7efe76a76000 ---p 00017000 fc:00 408713                     /lib/x86_64-linux-gnu/libnsl-2.19.so
7efe76a76000-7efe76a77000 r--p 00016000 fc:00 408713                     /lib/x86_64-linux-gnu/libnsl-2.19.so
7efe76a77000-7efe76a78000 rw-p 00017000 fc:00 408713                     /lib/x86_64-linux-gnu/libnsl-2.19.so
7efe76a78000-7efe76a7a000 rw-p 00000000 00:00 0 
7efe76a7a000-7efe76a83000 r-xp 00000000 fc:00 408712                     /lib/x86_64-linux-gnu/libnss_compat-2.19.so
7efe76a83000-7efe76c82000 ---p 00009000 fc:00 408712                     /lib/x86_64-linux-gnu/libnss_compat-2.19.so
7efe76c82000-7efe76c83000 r--p 00008000 fc:00 408712                     /lib/x86_64-linux-gnu/libnss_compat-2.19.so
7efe76c83000-7efe76c84000 rw-p 00009000 fc:00 408712                     /lib/x86_64-linux-gnu/libnss_compat-2.19.so
7efe76c84000-7efe76cae000 r-xp 00000000 fc:00 133459                     /usr/lib/jvm/java-8-oracle/jre/lib/amd64/libjava.so
7efe76cae000-7efe76eae000 ---p 0002a000 fc:00 133459                     /usr/lib/jvm/java-8-oracle/jre/lib/amd64/libjava.so
7efe76eae000-7efe76eb0000 rw-p 0002a000 fc:00 133459                     /usr/lib/jvm/java-8-oracle/jre/lib/amd64/libjava.so
7efe76eb0000-7efe76ebd000 r-xp 00000000 fc:00 133468                     /usr/lib/jvm/java-8-oracle/jre/lib/amd64/libverify.so
7efe76ebd000-7efe770bd000 ---p 0000d000 fc:00 133468                     /usr/lib/jvm/java-8-oracle/jre/lib/amd64/libverify.so
7efe770bd000-7efe770bf000 rw-p 0000d000 fc:00 133468                     /usr/lib/jvm/java-8-oracle/jre/lib/amd64/libverify.so
7efe770bf000-7efe770c6000 r-xp 00000000 fc:00 408727                     /lib/x86_64-linux-gnu/librt-2.19.so
7efe770c6000-7efe772c5000 ---p 00007000 fc:00 408727                     /lib/x86_64-linux-gnu/librt-2.19.so
7efe772c5000-7efe772c6000 r--p 00006000 fc:00 408727                     /lib/x86_64-linux-gnu/librt-2.19.so
7efe772c6000-7efe772c7000 rw-p 00007000 fc:00 408727                     /lib/x86_64-linux-gnu/librt-2.19.so
7efe772c7000-7efe773cc000 r-xp 00000000 fc:00 408703                     /lib/x86_64-linux-gnu/libm-2.19.so
7efe773cc000-7efe775cb000 ---p 00105000 fc:00 408703                     /lib/x86_64-linux-gnu/libm-2.19.so
7efe775cb000-7efe775cc000 r--p 00104000 fc:00 408703                     /lib/x86_64-linux-gnu/libm-2.19.so
7efe775cc000-7efe775cd000 rw-p 00105000 fc:00 408703                     /lib/x86_64-linux-gnu/libm-2.19.so
7efe775cd000-7efe7828d000 r-xp 00000000 fc:00 133423                     /usr/lib/jvm/java-8-oracle/jre/lib/amd64/server/libjvm.so
7efe7828d000-7efe7848d000 ---p 00cc0000 fc:00 133423                     /usr/lib/jvm/java-8-oracle/jre/lib/amd64/server/libjvm.so
7efe7848d000-7efe78565000 rw-p 00cc0000 fc:00 133423                     /usr/lib/jvm/java-8-oracle/jre/lib/amd64/server/libjvm.so
7efe78565000-7efe785b0000 rw-p 00000000 00:00 0 
7efe785b0000-7efe7876a000 r-xp 00000000 fc:00 408728                     /lib/x86_64-linux-gnu/libc-2.19.so
7efe7876a000-7efe7896a000 ---p 001ba000 fc:00 408728                     /lib/x86_64-linux-gnu/libc-2.19.so
7efe7896a000-7efe7896e000 r--p 001ba000 fc:00 408728                     /lib/x86_64-linux-gnu/libc-2.19.so
7efe7896e000-7efe78970000 rw-p 001be000 fc:00 408728                     /lib/x86_64-linux-gnu/libc-2.19.so
7efe78970000-7efe78975000 rw-p 00000000 00:00 0 
7efe78975000-7efe78978000 r-xp 00000000 fc:00 408707                     /lib/x86_64-linux-gnu/libdl-2.19.so
7efe78978000-7efe78b77000 ---p 00003000 fc:00 408707                     /lib/x86_64-linux-gnu/libdl-2.19.so
7efe78b77000-7efe78b78000 r--p 00002000 fc:00 408707                     /lib/x86_64-linux-gnu/libdl-2.19.so
7efe78b78000-7efe78b79000 rw-p 00003000 fc:00 408707                     /lib/x86_64-linux-gnu/libdl-2.19.so
7efe78b79000-7efe78b8e000 r-xp 00000000 fc:00 133451                     /usr/lib/jvm/java-8-oracle/jre/lib/amd64/jli/libjli.so
7efe78b8e000-7efe78d8e000 ---p 00015000 fc:00 133451                     /usr/lib/jvm/java-8-oracle/jre/lib/amd64/jli/libjli.so
7efe78d8e000-7efe78d8f000 rw-p 00015000 fc:00 133451                     /usr/lib/jvm/java-8-oracle/jre/lib/amd64/jli/libjli.so
7efe78d8f000-7efe78da8000 r-xp 00000000 fc:00 408715                     /lib/x86_64-linux-gnu/libpthread-2.19.so
7efe78da8000-7efe78fa7000 ---p 00019000 fc:00 408715                     /lib/x86_64-linux-gnu/libpthread-2.19.so
7efe78fa7000-7efe78fa8000 r--p 00018000 fc:00 408715                     /lib/x86_64-linux-gnu/libpthread-2.19.so
7efe78fa8000-7efe78fa9000 rw-p 00019000 fc:00 408715                     /lib/x86_64-linux-gnu/libpthread-2.19.so
7efe78fa9000-7efe78fad000 rw-p 00000000 00:00 0 
7efe78fad000-7efe78fd0000 r-xp 00000000 fc:00 408717                     /lib/x86_64-linux-gnu/ld-2.19.so
7efe790ba000-7efe790c2000 rw-s 00000000 fc:00 411640                     /tmp/hsperfdata_at/21734
7efe790c2000-7efe790c5000 ---p 00000000 00:00 0 
7efe790c5000-7efe791c7000 rw-p 00000000 00:00 0                          [stack:21775]
7efe791c8000-7efe791cc000 rw-p 00000000 00:00 0 
7efe791cc000-7efe791cd000 r--p 00000000 00:00 0 
7efe791cd000-7efe791cf000 rw-p 00000000 00:00 0 
7efe791cf000-7efe791d0000 r--p 00022000 fc:00 408717                     /lib/x86_64-linux-gnu/ld-2.19.so
7efe791d0000-7efe791d1000 rw-p 00023000 fc:00 408717                     /lib/x86_64-linux-gnu/ld-2.19.so
7efe791d1000-7efe791d2000 rw-p 00000000 00:00 0 
7ffcadc04000-7ffcadc25000 rw-p 00000000 00:00 0                          [stack]
7ffcadce2000-7ffcadce4000 r--p 00000000 00:00 0                          [vvar]
7ffcadce4000-7ffcadce6000 r-xp 00000000 00:00 0                          [vdso]
ffffffffff600000-ffffffffff601000 r-xp 00000000 00:00 0                  [vsyscall]

VM Arguments:
jvm_args: -Dactivator.home=/home/at/favourites-service -Xms1024m -Xmx1024m -XX:MetaspaceSize=64m -XX:MaxMetaspaceSize=256m 
java_command: /home/at/favourites-service/activator-launch-1.3.2.jar
java_class_path (initial): /home/at/favourites-service/activator-launch-1.3.2.jar
Launcher Type: SUN_STANDARD

Environment Variables:
PATH=/usr/local/sbin:/usr/local/bin:/usr/sbin:/usr/bin:/sbin:/bin:/usr/games:/usr/local/games
SHELL=/bin/bash

Signal Handlers:
SIGSEGV: [libjvm.so+0xabca10], sa_mask[0]=11111111011111111101111111111110, sa_flags=SA_RESTART|SA_SIGINFO
SIGBUS: [libjvm.so+0xabca10], sa_mask[0]=11111111011111111101111111111110, sa_flags=SA_RESTART|SA_SIGINFO
SIGFPE: [libjvm.so+0x919a20], sa_mask[0]=11111111011111111101111111111110, sa_flags=SA_RESTART|SA_SIGINFO
SIGPIPE: [libjvm.so+0x919a20], sa_mask[0]=11111111011111111101111111111110, sa_flags=SA_RESTART|SA_SIGINFO
SIGXFSZ: [libjvm.so+0x919a20], sa_mask[0]=11111111011111111101111111111110, sa_flags=SA_RESTART|SA_SIGINFO
SIGILL: [libjvm.so+0x919a20], sa_mask[0]=11111111011111111101111111111110, sa_flags=SA_RESTART|SA_SIGINFO
SIGUSR1: SIG_DFL, sa_mask[0]=00000000000000000000000000000000, sa_flags=none
SIGUSR2: [libjvm.so+0x91b050], sa_mask[0]=00000000000000000000000000000000, sa_flags=SA_RESTART|SA_SIGINFO
SIGHUP: SIG_DFL, sa_mask[0]=00000000000000000000000000000000, sa_flags=none
SIGINT: SIG_DFL, sa_mask[0]=00000000000000000000000000000000, sa_flags=none
SIGTERM: SIG_DFL, sa_mask[0]=00000000000000000000000000000000, sa_flags=none
SIGQUIT: SIG_DFL, sa_mask[0]=00000000000000000000000000000000, sa_flags=none


---------------  S Y S T E M  ---------------

OS:DISTRIB_ID=Ubuntu
DISTRIB_RELEASE=14.04
DISTRIB_CODENAME=trusty
DISTRIB_DESCRIPTION="Ubuntu 14.04.3 LTS"

uname:Linux 3.19.0-25-generic #26~14.04.1-Ubuntu SMP Fri Jul 24 21:16:20 UTC 2015 x86_64
libc:glibc 2.19 NPTL 2.19 
rlimit: STACK 8192k, CORE 0k, NPROC 1847, NOFILE 4096, AS infinity
load average:0.14 0.09 0.22

/proc/meminfo:
MemTotal:         495180 kB
MemFree:            8048 kB
MemAvailable:      65484 kB
Buffers:            6072 kB
Cached:            48156 kB
SwapCached:        17544 kB
Active:           222480 kB
Inactive:         210732 kB
Active(anon):     187696 kB
Inactive(anon):   191344 kB
Active(file):      34784 kB
Inactive(file):    19388 kB
Unevictable:           0 kB
Mlocked:               0 kB
SwapTotal:       1175544 kB
SwapFree:         218652 kB
Dirty:               120 kB
Writeback:            20 kB
AnonPages:        361460 kB
Mapped:            20932 kB
Shmem:                64 kB
Slab:              27060 kB
SReclaimable:      13764 kB
SUnreclaim:        13296 kB
KernelStack:        4336 kB
PageTables:         8556 kB
NFS_Unstable:          0 kB
Bounce:                0 kB
WritebackTmp:          0 kB
CommitLimit:     1423132 kB
Committed_AS:    3016284 kB
VmallocTotal:   34359738367 kB
VmallocUsed:        8992 kB
VmallocChunk:   34359721212 kB
HardwareCorrupted:     0 kB
AnonHugePages:         0 kB
CmaTotal:              0 kB
CmaFree:               0 kB
HugePages_Total:       0
HugePages_Free:        0
HugePages_Rsvd:        0
HugePages_Surp:        0
Hugepagesize:       2048 kB
DirectMap4k:       43008 kB
DirectMap2M:      608256 kB


CPU:total 1 (2 cores per cpu, 1 threads per core) family 6 model 44 stepping 2, cmov, cx8, fxsr, mmx, sse, sse2, sse3, ssse3, sse4.1, sse4.2, popcnt, aes, clmul, tsc

/proc/cpuinfo:
processor	: 0
vendor_id	: GenuineIntel
cpu family	: 6
model		: 44
model name	: Intel(R) Xeon(R) CPU           X5650  @ 2.67GHz
stepping	: 2
microcode	: 0x15
cpu MHz		: 2666.822
cache size	: 12288 KB
physical id	: 0
siblings	: 1
core id		: 0
cpu cores	: 1
apicid		: 0
initial apicid	: 0
fpu		: yes
fpu_exception	: yes
cpuid level	: 11
wp		: yes
flags		: fpu vme de pse tsc msr pae mce cx8 apic sep mtrr pge mca cmov pat pse36 clflush mmx fxsr sse sse2 ht syscall nx rdtscp lm constant_tsc rep_good nopl pni pclmulqdq ssse3 cx16 pcid sse4_1 sse4_2 x2apic popcnt tsc_deadline_timer aes hypervisor lahf_lm
bugs		:
bogomips	: 5333.64
clflush size	: 64
cache_alignment	: 64
address sizes	: 40 bits physical, 48 bits virtual
power management:



Memory: 4k page, physical 495180k(8048k free), swap 1175544k(218652k free)

vm_info: Java HotSpot(TM) 64-Bit Server VM (25.91-b14) for linux-amd64 JRE (1.8.0_91-b14), built on Apr  1 2016 00:57:21 by "java_re" with gcc 4.3.0 20080428 (Red Hat 4.3.0-8)

time: Wed Jun 22 09:57:40 2016
elapsed time: 0 seconds (0d 0h 0m 0s)

